2016-03-25 12:25:44,308 INFO: microblog startup [in /home/plevytskyi/PycharmProjects/flask&sqlalchemy/src/app/__init__.py:21]
2016-03-25 12:25:44,639 INFO: microblog startup [in /home/plevytskyi/PycharmProjects/flask&sqlalchemy/src/app/__init__.py:21]
2016-03-25 12:25:54,629 INFO: Pavlo log out [in /home/plevytskyi/PycharmProjects/flask&sqlalchemy/src/app/views.py:74]
2016-03-25 12:25:59,404 INFO: Pavlo log in [in /home/plevytskyi/PycharmProjects/flask&sqlalchemy/src/app/views.py:68]
2016-03-25 12:30:06,148 INFO: microblog startup [in /home/plevytskyi/PycharmProjects/flask&sqlalchemy/src/app/__init__.py:21]
2016-03-25 12:30:57,940 INFO: microblog startup [in /home/plevytskyi/PycharmProjects/flask&sqlalchemy/src/app/__init__.py:21]
2016-03-25 12:32:36,096 INFO: microblog startup [in /home/plevytskyi/PycharmProjects/flask&sqlalchemy/src/app/__init__.py:21]
2016-03-25 12:33:49,069 INFO: microblog startup [in /home/plevytskyi/PycharmProjects/flask&sqlalchemy/src/app/__init__.py:21]
2016-03-25 12:34:14,653 INFO: microblog startup [in /home/plevytskyi/PycharmProjects/flask&sqlalchemy/src/app/__init__.py:21]
2016-03-25 12:34:27,127 INFO: microblog startup [in /home/plevytskyi/PycharmProjects/flask&sqlalchemy/src/app/__init__.py:21]
2016-03-25 12:35:29,381 INFO: edited profile Pavlo [in /home/plevytskyi/PycharmProjects/flask&sqlalchemy/src/app/views.py:130]
2016-03-25 12:35:55,647 INFO: edited profile Pavlo [in /home/plevytskyi/PycharmProjects/flask&sqlalchemy/src/app/views.py:130]
2016-03-25 12:36:27,218 INFO: edited profile Pavlo [in /home/plevytskyi/PycharmProjects/flask&sqlalchemy/src/app/views.py:130]
2016-03-25 12:36:30,827 INFO: edited profile Pavlo1 [in /home/plevytskyi/PycharmProjects/flask&sqlalchemy/src/app/views.py:130]
2016-03-25 12:36:32,520 INFO: edited profile Pavlo1 [in /home/plevytskyi/PycharmProjects/flask&sqlalchemy/src/app/views.py:130]
2016-03-25 12:36:40,697 INFO: edited profile Pavlo [in /home/plevytskyi/PycharmProjects/flask&sqlalchemy/src/app/views.py:130]
2016-03-25 12:49:14,344 INFO: microblog startup [in /home/plevytskyi/PycharmProjects/flask&sqlalchemy/src/app/__init__.py:21]
2016-03-25 17:24:54,931 INFO: microblog startup [in /home/plevytskyi/PycharmProjects/flask&sqlalchemy/src/app/__init__.py:21]
2016-03-25 17:26:02,691 INFO: microblog startup [in /home/plevytskyi/PycharmProjects/flask&sqlalchemy/src/app/__init__.py:21]
2016-03-25 17:26:55,045 INFO: microblog startup [in /home/plevytskyi/PycharmProjects/flask&sqlalchemy/src/app/__init__.py:21]
2016-03-25 17:27:29,410 INFO: microblog startup [in /home/plevytskyi/PycharmProjects/flask&sqlalchemy/src/app/__init__.py:21]
2016-03-25 18:11:47,718 INFO: microblog startup [in /home/plevytskyi/PycharmProjects/flask&sqlalchemy/src/app/__init__.py:21]
2016-03-25 18:16:03,297 INFO: microblog startup [in /home/plevytskyi/PycharmProjects/flask&sqlalchemy/src/app/__init__.py:21]
2016-03-25 18:25:19,790 INFO: microblog startup [in /home/plevytskyi/PycharmProjects/flask&sqlalchemy/src/app/__init__.py:21]
2016-03-25 18:25:20,106 INFO: microblog startup [in /home/plevytskyi/PycharmProjects/flask&sqlalchemy/src/app/__init__.py:21]
2016-03-28 11:52:11,493 INFO: microblog startup [in /home/plevytskyi/PycharmProjects/flask&sqlalchemy/src/app/__init__.py:21]
2016-03-28 11:52:13,849 INFO: microblog startup [in /home/plevytskyi/PycharmProjects/flask&sqlalchemy/src/app/__init__.py:21]
2016-03-28 12:12:07,560 INFO: microblog startup [in /home/plevytskyi/PycharmProjects/flask&sqlalchemy/src/app/__init__.py:21]
2016-03-28 12:16:44,350 INFO: microblog startup [in /home/plevytskyi/PycharmProjects/flask&sqlalchemy/src/app/__init__.py:21]
2016-03-28 12:21:57,269 INFO: microblog startup [in /home/plevytskyi/PycharmProjects/flask&sqlalchemy/src/app/__init__.py:21]
2016-03-28 12:22:36,952 INFO: microblog startup [in /home/plevytskyi/PycharmProjects/flask&sqlalchemy/src/app/__init__.py:21]
2016-03-28 12:30:09,914 INFO: microblog startup [in /home/plevytskyi/PycharmProjects/flask&sqlalchemy/src/app/__init__.py:21]
2016-03-28 12:32:59,642 INFO: microblog startup [in /home/plevytskyi/PycharmProjects/flask&sqlalchemy/src/app/__init__.py:21]
2016-03-28 12:34:07,565 INFO: microblog startup [in /home/plevytskyi/PycharmProjects/flask&sqlalchemy/src/app/__init__.py:21]
2016-03-28 12:34:51,279 INFO: microblog startup [in /home/plevytskyi/PycharmProjects/flask&sqlalchemy/src/app/__init__.py:21]
2016-03-28 12:35:44,086 INFO: microblog startup [in /home/plevytskyi/PycharmProjects/flask&sqlalchemy/src/app/__init__.py:21]
2016-03-28 12:36:38,890 INFO: microblog startup [in /home/plevytskyi/PycharmProjects/flask&sqlalchemy/src/app/__init__.py:21]
2016-03-28 12:38:53,493 INFO: microblog startup [in /home/plevytskyi/PycharmProjects/flask&sqlalchemy/src/app/__init__.py:21]
2016-03-28 12:38:53,816 INFO: microblog startup [in /home/plevytskyi/PycharmProjects/flask&sqlalchemy/src/app/__init__.py:21]
2016-03-28 12:39:33,540 INFO: microblog startup [in /home/plevytskyi/PycharmProjects/flask&sqlalchemy/src/app/__init__.py:21]
2016-03-28 12:39:33,858 INFO: microblog startup [in /home/plevytskyi/PycharmProjects/flask&sqlalchemy/src/app/__init__.py:21]
2016-03-28 12:41:08,996 INFO: microblog startup [in /home/plevytskyi/PycharmProjects/flask&sqlalchemy/src/app/__init__.py:21]
2016-03-28 12:42:29,042 INFO: microblog startup [in /home/plevytskyi/PycharmProjects/flask&sqlalchemy/src/app/__init__.py:21]
2016-03-28 12:44:38,428 INFO: microblog startup [in /home/plevytskyi/PycharmProjects/flask&sqlalchemy/src/app/__init__.py:21]
2016-03-28 12:57:14,883 INFO: microblog startup [in /home/plevytskyi/PycharmProjects/flask&sqlalchemy/src/app/__init__.py:21]
2016-03-28 12:57:32,434 INFO: microblog startup [in /home/plevytskyi/PycharmProjects/flask&sqlalchemy/src/app/__init__.py:21]
2016-03-28 12:58:23,192 INFO: microblog startup [in /home/plevytskyi/PycharmProjects/flask&sqlalchemy/src/app/__init__.py:21]
2016-03-28 13:03:43,166 INFO: microblog startup [in /home/plevytskyi/PycharmProjects/flask&sqlalchemy/src/app/__init__.py:21]
2016-03-28 13:59:08,703 INFO: edited profile Pavlo [in /home/plevytskyi/PycharmProjects/flask&sqlalchemy/src/app/views.py:138]
2016-03-28 14:40:41,012 INFO: microblog startup [in /home/plevytskyi/PycharmProjects/flask&sqlalchemy/src/app/__init__.py:21]
2016-03-28 14:41:35,829 INFO: microblog startup [in /home/plevytskyi/PycharmProjects/flask&sqlalchemy/src/app/__init__.py:21]
2016-03-28 14:42:58,862 INFO: microblog startup [in /home/plevytskyi/PycharmProjects/flask&sqlalchemy/src/app/__init__.py:24]
2016-03-28 14:45:31,368 INFO: microblog startup [in app/__init__.py:24]
2016-03-28 14:45:32,702 INFO: microblog startup [in app/__init__.py:24]
2016-03-28 14:48:44,518 INFO: microblog startup [in app/__init__.py:24]
2016-03-28 14:51:34,722 INFO: microblog startup [in app/__init__.py:24]
2016-03-28 14:55:47,072 INFO: microblog startup [in app/__init__.py:24]
2016-03-28 14:56:43,005 INFO: microblog startup [in app/__init__.py:24]
2016-03-28 15:27:59,887 INFO: Pavlo log out [in app/views.py:78]
2016-03-28 15:30:10,200 INFO: microblog startup [in app/__init__.py:24]
2016-03-28 15:31:56,939 INFO: microblog startup [in app/__init__.py:24]
2016-03-28 15:32:37,436 INFO: microblog startup [in app/__init__.py:24]
2016-03-28 15:32:40,941 INFO: microblog startup [in app/__init__.py:24]
2016-03-28 15:33:17,359 INFO: microblog startup [in app/__init__.py:24]
2016-03-28 15:34:24,650 INFO: microblog startup [in app/__init__.py:24]
2016-03-28 15:38:25,841 INFO: microblog startup [in app/__init__.py:24]
2016-03-28 16:39:19,962 INFO: microblog startup [in app/__init__.py:24]
2016-03-28 16:46:23,477 INFO: microblog startup [in app/__init__.py:24]
2016-03-28 16:47:00,873 INFO: microblog startup [in app/__init__.py:24]
2016-03-28 16:48:00,950 INFO: microblog startup [in app/__init__.py:24]
2016-03-28 16:49:10,423 INFO: microblog startup [in app/__init__.py:24]
2016-03-28 16:49:15,433 INFO: microblog startup [in app/__init__.py:24]
2016-03-28 16:49:16,761 INFO: microblog startup [in app/__init__.py:24]
2016-03-28 16:49:41,090 INFO: microblog startup [in app/__init__.py:24]
2016-03-28 16:50:09,847 INFO: microblog startup [in app/__init__.py:24]
2016-03-28 16:50:11,162 INFO: microblog startup [in app/__init__.py:24]
2016-03-28 16:51:04,669 INFO: microblog startup [in app/__init__.py:24]
2016-03-28 16:51:06,047 INFO: microblog startup [in app/__init__.py:24]
2016-03-28 18:40:10,922 INFO: microblog startup [in app/__init__.py:24]
2016-03-28 18:48:55,150 INFO: microblog startup [in app/__init__.py:24]
2016-03-28 18:48:56,511 INFO: microblog startup [in app/__init__.py:24]
2016-03-28 18:49:02,975 INFO: Pavlo log out [in app/views.py:78]
2016-03-28 18:55:04,068 INFO: Pavlo log out [in app/views.py:78]
2016-03-28 18:56:12,200 INFO: microblog startup [in app/__init__.py:24]
2016-03-29 12:14:21,196 INFO: microblog startup [in app/__init__.py:24]
2016-03-29 12:14:23,806 INFO: microblog startup [in app/__init__.py:24]
2016-03-29 12:14:31,508 INFO: Pavlo log out [in app/views.py:78]
2016-03-29 12:14:49,769 INFO: Pavlo log out [in app/views.py:78]
2016-03-29 12:46:43,569 INFO: microblog startup [in app/__init__.py:24]
2016-03-29 15:47:46,219 INFO: microblog startup [in app/__init__.py:24]
2016-03-29 15:47:47,538 INFO: microblog startup [in app/__init__.py:24]
2016-03-29 15:55:47,283 INFO: microblog startup [in app/__init__.py:24]
2016-03-29 15:58:45,963 INFO: microblog startup [in app/__init__.py:24]
2016-03-29 16:12:33,000 INFO: microblog startup [in app/__init__.py:24]
2016-03-29 16:12:34,503 INFO: microblog startup [in app/__init__.py:24]
2016-03-29 17:39:59,393 INFO: microblog startup [in app/__init__.py:24]
2016-03-29 17:52:04,237 INFO: microblog startup [in app/__init__.py:24]
2016-03-29 17:53:36,060 INFO: microblog startup [in app/__init__.py:24]
2016-03-29 17:53:37,421 INFO: microblog startup [in app/__init__.py:24]
2016-03-29 17:53:54,340 INFO: microblog startup [in app/__init__.py:24]
2016-03-29 17:55:50,189 INFO: microblog startup [in app/__init__.py:24]
2016-03-29 17:55:51,583 INFO: microblog startup [in app/__init__.py:24]
2016-03-29 17:56:58,980 INFO: microblog startup [in app/__init__.py:24]
2016-03-29 17:57:00,352 INFO: microblog startup [in app/__init__.py:24]
2016-03-29 18:04:56,787 INFO: microblog startup [in app/__init__.py:24]
2016-03-29 18:05:02,181 INFO: microblog startup [in app/__init__.py:24]
2016-03-29 18:05:03,581 INFO: microblog startup [in app/__init__.py:24]
2016-03-29 18:07:01,163 INFO: microblog startup [in app/__init__.py:24]
2016-03-29 18:08:08,609 INFO: microblog startup [in app/__init__.py:24]
2016-03-29 18:08:21,557 INFO: microblog startup [in app/__init__.py:24]
2016-03-29 18:08:42,971 INFO: microblog startup [in app/__init__.py:24]
2016-03-29 18:08:44,335 INFO: microblog startup [in app/__init__.py:24]
2016-03-29 18:10:07,360 INFO: microblog startup [in app/__init__.py:24]
2016-03-29 18:14:03,160 INFO: microblog startup [in app/__init__.py:24]
2016-03-29 18:19:19,668 INFO: microblog startup [in app/__init__.py:24]
2016-03-29 18:19:32,293 INFO: microblog startup [in app/__init__.py:24]
2016-03-29 18:19:39,466 INFO: microblog startup [in app/__init__.py:24]
2016-03-29 18:19:49,780 INFO: microblog startup [in app/__init__.py:24]
2016-03-29 18:19:51,166 INFO: microblog startup [in app/__init__.py:24]
2016-03-29 18:22:08,265 INFO: microblog startup [in app/__init__.py:24]
2016-03-29 18:22:27,688 INFO: microblog startup [in app/__init__.py:24]
2016-03-29 18:22:29,027 INFO: microblog startup [in app/__init__.py:24]
2016-03-29 19:07:36,202 INFO: microblog startup [in app/__init__.py:24]
2016-03-29 19:07:41,217 INFO: microblog startup [in /home/plevytskyi/PycharmProjects/flask&sqlalchemy/src/app/__init__.py:24]
2016-03-29 19:08:00,327 INFO: microblog startup [in app/__init__.py:24]
2016-03-29 19:14:06,015 INFO: microblog startup [in app/__init__.py:24]
2016-03-29 19:14:43,614 INFO: microblog startup [in app/__init__.py:24]
2016-03-29 19:15:26,747 INFO: microblog startup [in app/__init__.py:24]
2016-03-29 19:15:28,121 INFO: microblog startup [in app/__init__.py:24]
2016-03-29 19:16:42,240 INFO: microblog startup [in app/__init__.py:24]
2016-03-30 11:40:21,533 INFO: microblog startup [in app/__init__.py:24]
2016-03-30 11:40:24,299 INFO: microblog startup [in app/__init__.py:24]
2016-03-30 11:42:06,054 INFO: microblog startup [in app/__init__.py:24]
2016-03-30 11:42:58,096 INFO: microblog startup [in app/__init__.py:24]
2016-03-30 11:54:01,042 INFO: microblog startup [in app/__init__.py:24]
2016-03-30 11:55:08,387 INFO: microblog startup [in app/__init__.py:24]
2016-03-30 11:55:09,751 INFO: microblog startup [in app/__init__.py:24]
2016-03-30 12:11:05,702 INFO: microblog startup [in app/__init__.py:24]
2016-03-30 12:11:07,142 INFO: microblog startup [in app/__init__.py:24]
2016-03-30 12:11:48,928 INFO: microblog startup [in app/__init__.py:24]
2016-03-30 15:47:31,806 INFO: microblog startup [in app/__init__.py:24]
2016-03-30 15:47:33,442 INFO: microblog startup [in app/__init__.py:24]
2016-03-30 16:07:44,876 INFO: microblog startup [in app/__init__.py:24]
2016-03-30 16:09:24,261 INFO: microblog startup [in app/__init__.py:24]
2016-03-30 16:09:25,614 INFO: microblog startup [in app/__init__.py:24]
2016-03-30 16:14:34,530 INFO: microblog startup [in app/__init__.py:24]
2016-03-30 16:14:35,906 INFO: microblog startup [in app/__init__.py:24]
2016-03-30 16:15:38,829 INFO: microblog startup [in app/__init__.py:24]
2016-03-30 16:15:40,367 INFO: microblog startup [in app/__init__.py:24]
2016-03-30 16:18:06,843 INFO: microblog startup [in app/__init__.py:24]
2016-03-30 16:18:08,245 INFO: microblog startup [in app/__init__.py:24]
2016-03-30 16:37:19,562 INFO: microblog startup [in app/__init__.py:24]
2016-03-30 16:37:20,970 INFO: microblog startup [in app/__init__.py:24]
2016-03-30 16:43:51,761 INFO: microblog startup [in /home/plevytskyi/PycharmProjects/flask&sqlalchemy/src/app/__init__.py:24]
2016-03-30 16:43:56,833 INFO: microblog startup [in /home/plevytskyi/PycharmProjects/flask&sqlalchemy/src/app/__init__.py:24]
2016-03-30 16:48:30,745 INFO: microblog startup [in /home/plevytskyi/PycharmProjects/flask&sqlalchemy/src/app/__init__.py:24]
2016-03-30 16:48:43,682 INFO: microblog startup [in /home/plevytskyi/PycharmProjects/flask&sqlalchemy/src/app/__init__.py:24]
2016-03-30 16:48:56,053 INFO: microblog startup [in app/__init__.py:24]
2016-03-30 16:48:57,383 INFO: microblog startup [in app/__init__.py:24]
2016-03-30 16:49:34,814 INFO: microblog startup [in /home/plevytskyi/PycharmProjects/flask&sqlalchemy/src/app/__init__.py:24]
2016-03-30 16:54:58,398 INFO: microblog startup [in app/__init__.py:24]
2016-03-30 16:54:59,740 INFO: microblog startup [in app/__init__.py:24]
2016-03-30 16:55:21,470 INFO: microblog startup [in app/__init__.py:24]
2016-03-30 16:55:22,833 INFO: microblog startup [in app/__init__.py:24]
2016-03-30 16:56:31,607 INFO: microblog startup [in app/__init__.py:24]
2016-03-30 16:56:32,990 INFO: microblog startup [in app/__init__.py:24]
2016-03-30 16:56:56,205 INFO: microblog startup [in app/__init__.py:24]
2016-03-30 16:56:57,555 INFO: microblog startup [in app/__init__.py:24]
2016-03-30 16:57:38,260 INFO: microblog startup [in app/__init__.py:24]
2016-03-31 12:46:15,023 INFO: microblog startup [in /home/plevytskyi/PycharmProjects/flask&sqlalchemy/src/app/__init__.py:24]
2016-03-31 12:50:23,057 INFO: microblog startup [in /home/plevytskyi/PycharmProjects/flask&sqlalchemy/src/app/__init__.py:24]
2016-03-31 12:50:55,006 INFO: microblog startup [in /home/plevytskyi/PycharmProjects/flask&sqlalchemy/src/app/__init__.py:24]
2016-03-31 12:53:55,338 INFO: microblog startup [in /home/plevytskyi/PycharmProjects/flask&sqlalchemy/src/app/__init__.py:24]
2016-03-31 12:53:55,713 INFO: microblog startup [in /home/plevytskyi/PycharmProjects/flask&sqlalchemy/src/app/__init__.py:24]
2016-03-31 15:33:29,392 INFO: microblog startup [in /home/plevytskyi/PycharmProjects/flask&sqlalchemy/src/app/__init__.py:24]
2016-03-31 15:34:06,670 INFO: microblog startup [in /home/plevytskyi/PycharmProjects/flask&sqlalchemy/src/app/__init__.py:24]
2016-03-31 15:35:00,637 INFO: microblog startup [in /home/plevytskyi/PycharmProjects/flask&sqlalchemy/src/app/__init__.py:24]
2016-03-31 15:36:13,724 INFO: microblog startup [in /home/plevytskyi/PycharmProjects/flask&sqlalchemy/src/app/__init__.py:24]
2016-03-31 18:44:56,905 INFO: microblog startup [in /home/plevytskyi/PycharmProjects/flask&sqlalchemy/src/app/__init__.py:24]
2016-03-31 18:44:57,654 INFO: microblog startup [in /home/plevytskyi/PycharmProjects/flask&sqlalchemy/src/app/__init__.py:24]
2016-04-01 15:52:05,611 INFO: microblog startup [in /home/plevytskyi/PycharmProjects/flask&sqlalchemy/src/app/__init__.py:24]
2016-04-01 15:52:26,587 INFO: microblog startup [in /home/plevytskyi/PycharmProjects/flask&sqlalchemy/src/app/__init__.py:24]
2016-04-01 16:03:07,122 INFO: microblog startup [in app/__init__.py:24]
2016-04-01 16:03:13,084 INFO: microblog startup [in app/__init__.py:24]
2016-04-01 16:07:11,659 INFO: microblog startup [in /home/plevytskyi/PycharmProjects/flask&sqlalchemy/src/app/__init__.py:24]
2016-04-01 16:13:10,415 INFO: microblog startup [in /home/plevytskyi/PycharmProjects/flask&sqlalchemy/src/app/__init__.py:24]
2016-04-01 16:13:54,679 INFO: microblog startup [in /home/plevytskyi/PycharmProjects/flask&sqlalchemy/src/app/__init__.py:24]
2016-04-01 16:15:09,128 INFO: microblog startup [in /home/plevytskyi/PycharmProjects/flask&sqlalchemy/src/app/__init__.py:24]
2016-04-01 16:15:27,073 INFO: microblog startup [in app/__init__.py:24]
2016-04-01 16:15:32,228 INFO: microblog startup [in app/__init__.py:24]
2016-04-01 16:17:42,842 INFO: microblog startup [in app/__init__.py:24]
2016-04-01 16:20:36,955 INFO: microblog startup [in app/__init__.py:24]
2016-04-01 16:23:48,573 INFO: microblog startup [in app/__init__.py:24]
2016-04-01 16:23:53,903 INFO: microblog startup [in app/__init__.py:24]
2016-04-01 16:26:00,692 INFO: microblog startup [in app/__init__.py:24]
2016-04-01 16:27:24,626 INFO: microblog startup [in app/__init__.py:24]
2016-04-01 16:27:30,013 INFO: microblog startup [in app/__init__.py:24]
2016-04-01 17:23:08,242 INFO: microblog startup [in app/__init__.py:24]
2016-04-01 17:23:14,158 INFO: microblog startup [in app/__init__.py:24]
2016-04-04 12:07:48,178 INFO: microblog startup [in /home/plevytskyi/PycharmProjects/flask&sqlalchemy/src/app/__init__.py:24]
2016-04-04 12:08:58,926 INFO: microblog startup [in /home/plevytskyi/PycharmProjects/flask&sqlalchemy/src/app/__init__.py:24]
2016-04-04 12:11:33,308 INFO: microblog startup [in /home/plevytskyi/PycharmProjects/flask&sqlalchemy/src/app/__init__.py:24]
2016-04-04 12:11:41,597 INFO: microblog startup [in /home/plevytskyi/PycharmProjects/flask&sqlalchemy/src/app/__init__.py:24]
2016-04-04 12:11:47,430 INFO: microblog startup [in /home/plevytskyi/PycharmProjects/flask&sqlalchemy/src/app/__init__.py:24]
2016-04-04 12:12:01,185 INFO: microblog startup [in /home/plevytskyi/PycharmProjects/flask&sqlalchemy/src/app/__init__.py:24]
2016-04-04 12:13:36,955 INFO: microblog startup [in /home/plevytskyi/PycharmProjects/flask&sqlalchemy/src/app/__init__.py:24]
2016-04-04 12:13:37,738 INFO: microblog startup [in /home/plevytskyi/PycharmProjects/flask&sqlalchemy/src/app/__init__.py:24]
2016-04-04 12:30:36,465 INFO: microblog startup [in app/__init__.py:24]
2016-04-04 12:30:41,681 INFO: microblog startup [in app/__init__.py:24]
2016-04-04 12:44:28,087 INFO: microblog startup [in app/__init__.py:24]
2016-04-04 12:48:56,348 INFO: microblog startup [in app/__init__.py:24]
2016-04-04 12:52:52,581 INFO: microblog startup [in app/__init__.py:24]
2016-04-04 12:54:48,904 INFO: microblog startup [in app/__init__.py:24]
2016-04-04 12:54:49,935 INFO: microblog startup [in app/__init__.py:24]
2016-04-04 12:54:55,224 INFO: microblog startup [in app/__init__.py:24]
2016-04-04 12:56:43,336 INFO: microblog startup [in app/__init__.py:24]
2016-04-04 14:13:35,485 INFO: microblog startup [in app/__init__.py:24]
2016-04-04 14:50:46,730 INFO: microblog startup [in /home/plevytskyi/PycharmProjects/flask&sqlalchemy/src/app/__init__.py:24]
2016-04-04 14:50:55,595 INFO: microblog startup [in app/__init__.py:24]
2016-04-04 14:51:01,127 INFO: microblog startup [in app/__init__.py:24]
2016-04-04 17:36:11,987 INFO: microblog startup [in app/__init__.py:24]
2016-04-04 17:37:07,861 INFO: microblog startup [in app/__init__.py:24]
2016-04-04 18:15:43,470 INFO: microblog startup [in app/__init__.py:24]
2016-04-04 18:15:48,951 INFO: microblog startup [in app/__init__.py:24]
2016-04-04 18:20:39,391 INFO: microblog startup [in app/__init__.py:24]
2016-04-04 18:21:30,326 INFO: microblog startup [in app/__init__.py:24]
2016-04-04 18:22:18,221 INFO: microblog startup [in app/__init__.py:24]
2016-04-04 18:23:26,805 INFO: microblog startup [in app/__init__.py:24]
2016-04-04 18:24:01,122 INFO: microblog startup [in app/__init__.py:24]
2016-04-04 18:24:44,817 INFO: microblog startup [in app/__init__.py:24]
2016-04-04 18:25:49,162 INFO: microblog startup [in app/__init__.py:24]
2016-04-04 18:28:08,147 INFO: microblog startup [in app/__init__.py:24]
2016-04-04 18:30:29,614 INFO: microblog startup [in app/__init__.py:24]
2016-04-04 18:30:34,825 INFO: microblog startup [in app/__init__.py:24]
2016-04-05 13:50:25,307 INFO: microblog startup [in app/__init__.py:24]
2016-04-05 13:50:31,952 INFO: microblog startup [in app/__init__.py:24]
2016-04-05 15:52:08,896 INFO: microblog startup [in app/__init__.py:24]
2016-04-05 17:56:20,673 INFO: microblog startup [in app/__init__.py:24]
2016-04-05 17:59:31,329 INFO: microblog startup [in app/__init__.py:24]
2016-04-05 17:59:36,730 INFO: microblog startup [in app/__init__.py:24]
2016-04-05 18:00:29,054 INFO: microblog startup [in app/__init__.py:24]
2016-04-05 18:00:32,656 INFO: microblog startup [in app/__init__.py:24]
2016-04-05 18:00:37,887 INFO: microblog startup [in app/__init__.py:24]
2016-04-06 14:18:30,523 INFO: microblog startup [in app/__init__.py:27]
2016-04-06 14:18:37,682 INFO: microblog startup [in app/__init__.py:27]
2016-04-06 14:59:40,897 INFO: microblog startup [in app/__init__.py:27]
2016-04-06 14:59:44,272 INFO: microblog startup [in app/__init__.py:27]
2016-04-06 14:59:49,900 INFO: microblog startup [in app/__init__.py:27]
2016-04-06 15:00:11,238 INFO: microblog startup [in app/__init__.py:27]
2016-04-06 15:00:16,809 INFO: microblog startup [in app/__init__.py:27]
2016-04-06 15:00:41,481 INFO: microblog startup [in app/__init__.py:27]
2016-04-06 15:00:44,587 INFO: microblog startup [in app/__init__.py:27]
2016-04-06 15:00:50,159 INFO: microblog startup [in app/__init__.py:27]
2016-04-06 15:26:57,927 INFO: microblog startup [in app/__init__.py:27]
2016-04-06 15:28:03,934 INFO: microblog startup [in /home/plevytskyi/PycharmProjects/flask&sqlalchemy/src/app/__init__.py:24]
2016-04-06 15:28:59,562 INFO: microblog startup [in app/__init__.py:24]
2016-04-06 15:29:04,810 INFO: microblog startup [in app/__init__.py:24]
2016-04-19 17:25:11,007 INFO: microblog startup [in /home/plevytskyi/PycharmProjects/flask&sqlalchemy/src/app/__init__.py:24]
2016-04-19 17:25:13,874 INFO: microblog startup [in /home/plevytskyi/PycharmProjects/flask&sqlalchemy/src/app/__init__.py:24]
2016-04-19 17:25:30,542 INFO: microblog startup [in /home/plevytskyi/PycharmProjects/flask&sqlalchemy/src/app/__init__.py:24]
2016-04-19 17:25:31,262 INFO: microblog startup [in /home/plevytskyi/PycharmProjects/flask&sqlalchemy/src/app/__init__.py:24]
2016-04-19 17:25:51,626 INFO: microblog startup [in /home/plevytskyi/PycharmProjects/flask&sqlalchemy/src/app/__init__.py:24]
2016-04-19 17:25:52,270 INFO: microblog startup [in /home/plevytskyi/PycharmProjects/flask&sqlalchemy/src/app/__init__.py:24]
2016-04-19 17:26:04,442 INFO: microblog startup [in /home/plevytskyi/PycharmProjects/flask&sqlalchemy/src/app/__init__.py:24]
2016-04-19 17:26:05,060 INFO: microblog startup [in /home/plevytskyi/PycharmProjects/flask&sqlalchemy/src/app/__init__.py:24]
2016-04-19 17:27:45,185 INFO: microblog startup [in /home/plevytskyi/PycharmProjects/flask&sqlalchemy/src/app/__init__.py:24]
2016-04-19 17:27:45,798 INFO: microblog startup [in /home/plevytskyi/PycharmProjects/flask&sqlalchemy/src/app/__init__.py:24]
2016-04-19 17:28:39,436 INFO: microblog startup [in /home/plevytskyi/PycharmProjects/flask&sqlalchemy/src/app/__init__.py:24]
2016-04-19 17:29:17,884 INFO: microblog startup [in /home/plevytskyi/PycharmProjects/flask&sqlalchemy/src/app/__init__.py:24]
2016-04-19 17:31:15,224 INFO: microblog startup [in /home/plevytskyi/PycharmProjects/flask&sqlalchemy/src/app/__init__.py:24]
2016-04-19 17:31:15,860 INFO: microblog startup [in /home/plevytskyi/PycharmProjects/flask&sqlalchemy/src/app/__init__.py:24]
2016-04-19 17:32:45,256 INFO: microblog startup [in /home/plevytskyi/PycharmProjects/flask&sqlalchemy/src/app/__init__.py:24]
2016-04-19 17:32:45,861 INFO: microblog startup [in /home/plevytskyi/PycharmProjects/flask&sqlalchemy/src/app/__init__.py:24]
2016-04-19 18:23:33,299 INFO: microblog startup [in /home/plevytskyi/PycharmProjects/flask&sqlalchemy/src/app/__init__.py:24]
2016-04-19 18:23:36,153 INFO: microblog startup [in /home/plevytskyi/PycharmProjects/flask&sqlalchemy/src/app/__init__.py:24]
2016-05-20 12:11:46,603 INFO: microblog startup [in /home/plevytskyi/PycharmProjects/flask&sqlalchemy/src/app/__init__.py:24]
2016-05-20 12:11:48,811 INFO: microblog startup [in /home/plevytskyi/PycharmProjects/flask&sqlalchemy/src/app/__init__.py:24]
2016-05-20 12:12:07,088 INFO: Pavlo log out [in /home/plevytskyi/PycharmProjects/flask&sqlalchemy/src/app/views.py:79]
2016-05-20 12:21:37,586 INFO: microblog startup [in app/__init__.py:24]
2016-05-20 12:22:10,115 INFO: microblog startup [in app/__init__.py:24]
2016-05-20 12:22:17,168 INFO: Pavlo log out [in app/views.py:79]
2016-05-20 16:01:22,328 INFO: Pavlo log out [in app/views.py:79]
2016-05-20 16:09:03,217 INFO: microblog startup [in app/__init__.py:24]
2016-05-20 16:09:08,749 INFO: microblog startup [in app/__init__.py:24]
2016-05-20 16:23:52,462 INFO: Pavlo log out [in app/views.py:79]
2016-05-24 16:26:22,265 INFO: microblog startup [in /home/plevytskyi/PycharmProjects/flask&sqlalchemy/src/app/__init__.py:24]
2016-05-24 16:26:25,762 INFO: microblog startup [in /home/plevytskyi/PycharmProjects/flask&sqlalchemy/src/app/__init__.py:24]
2016-05-24 16:26:46,905 INFO: Pavlo log out [in /home/plevytskyi/PycharmProjects/flask&sqlalchemy/src/app/views.py:79]
2016-05-24 16:29:00,263 INFO: microblog startup [in /home/plevytskyi/PycharmProjects/flask&sqlalchemy/src/app/__init__.py:24]
2016-05-24 16:36:17,800 INFO: microblog startup [in /home/plevytskyi/PycharmProjects/flask&sqlalchemy/src/app/__init__.py:24]
2016-05-24 16:36:18,908 INFO: microblog startup [in /home/plevytskyi/PycharmProjects/flask&sqlalchemy/src/app/__init__.py:24]
2016-05-24 16:43:57,834 INFO: microblog startup [in /home/plevytskyi/PycharmProjects/flask&sqlalchemy/src/app/__init__.py:24]
2016-05-24 16:51:34,803 INFO: microblog startup [in /home/plevytskyi/PycharmProjects/flask&sqlalchemy/src/app/__init__.py:24]
2016-05-24 16:54:33,175 INFO: microblog startup [in /home/plevytskyi/PycharmProjects/flask&sqlalchemy/src/app/__init__.py:24]
2016-05-24 16:56:23,942 INFO: microblog startup [in /home/plevytskyi/PycharmProjects/flask&sqlalchemy/src/app/__init__.py:24]
2016-05-24 16:57:06,129 INFO: microblog startup [in /home/plevytskyi/PycharmProjects/flask&sqlalchemy/src/app/__init__.py:24]
2016-05-24 16:57:06,771 INFO: microblog startup [in /home/plevytskyi/PycharmProjects/flask&sqlalchemy/src/app/__init__.py:24]
2016-05-24 16:58:01,672 INFO: microblog startup [in /home/plevytskyi/PycharmProjects/flask&sqlalchemy/src/app/__init__.py:24]
2016-05-24 16:58:30,260 INFO: microblog startup [in /home/plevytskyi/PycharmProjects/flask&sqlalchemy/src/app/__init__.py:24]
2016-05-24 16:58:30,819 INFO: microblog startup [in /home/plevytskyi/PycharmProjects/flask&sqlalchemy/src/app/__init__.py:24]
2016-05-24 16:58:37,384 INFO: microblog startup [in /home/plevytskyi/PycharmProjects/flask&sqlalchemy/src/app/__init__.py:24]
2016-05-24 16:58:38,032 INFO: microblog startup [in /home/plevytskyi/PycharmProjects/flask&sqlalchemy/src/app/__init__.py:24]
2016-05-24 17:00:10,667 INFO: microblog startup [in /home/plevytskyi/PycharmProjects/flask&sqlalchemy/src/app/__init__.py:24]
2016-05-24 17:00:12,762 INFO: microblog startup [in /home/plevytskyi/PycharmProjects/flask&sqlalchemy/src/app/__init__.py:24]
2016-05-24 17:00:13,416 INFO: microblog startup [in /home/plevytskyi/PycharmProjects/flask&sqlalchemy/src/app/__init__.py:24]
2016-05-24 17:01:24,911 INFO: microblog startup [in /home/plevytskyi/PycharmProjects/flask&sqlalchemy/src/app/__init__.py:24]
2016-05-24 17:01:25,597 INFO: microblog startup [in /home/plevytskyi/PycharmProjects/flask&sqlalchemy/src/app/__init__.py:24]
2016-05-24 17:01:46,544 INFO: alivelp log out [in /home/plevytskyi/PycharmProjects/flask&sqlalchemy/src/app/views.py:106]
2016-05-24 17:02:47,122 INFO: microblog startup [in /home/plevytskyi/PycharmProjects/flask&sqlalchemy/src/app/__init__.py:24]
2016-05-24 17:03:11,854 INFO: alivelp log out [in /home/plevytskyi/PycharmProjects/flask&sqlalchemy/src/app/views.py:106]
2016-05-24 17:03:35,468 INFO: alivelp log out [in /home/plevytskyi/PycharmProjects/flask&sqlalchemy/src/app/views.py:106]
2016-05-24 17:07:11,641 INFO: alivelp log out [in /home/plevytskyi/PycharmProjects/flask&sqlalchemy/src/app/views.py:106]
2016-05-24 17:07:29,354 INFO: alivelp log out [in /home/plevytskyi/PycharmProjects/flask&sqlalchemy/src/app/views.py:106]
2016-05-24 17:56:32,448 INFO: microblog startup [in /home/plevytskyi/PycharmProjects/flask&sqlalchemy/src/app/__init__.py:24]
2016-05-24 17:56:42,866 INFO: microblog startup [in /home/plevytskyi/PycharmProjects/flask&sqlalchemy/src/app/__init__.py:24]
2016-05-24 17:56:51,652 INFO: microblog startup [in /home/plevytskyi/PycharmProjects/flask&sqlalchemy/src/app/__init__.py:24]
2016-05-24 17:56:58,445 INFO: microblog startup [in /home/plevytskyi/PycharmProjects/flask&sqlalchemy/src/app/__init__.py:24]
2016-05-24 17:57:34,582 INFO: microblog startup [in /home/plevytskyi/PycharmProjects/flask&sqlalchemy/src/app/__init__.py:24]
2016-05-24 18:00:47,481 INFO: microblog startup [in /home/plevytskyi/PycharmProjects/flask&sqlalchemy/src/app/__init__.py:24]
2016-05-24 18:01:35,063 INFO: microblog startup [in /home/plevytskyi/PycharmProjects/flask&sqlalchemy/src/app/__init__.py:24]
2016-05-24 18:03:54,209 INFO: microblog startup [in /home/plevytskyi/PycharmProjects/flask&sqlalchemy/src/app/__init__.py:24]
2016-05-24 18:04:54,108 INFO: microblog startup [in /home/plevytskyi/PycharmProjects/flask&sqlalchemy/src/app/__init__.py:24]
2016-05-24 18:04:54,948 INFO: microblog startup [in /home/plevytskyi/PycharmProjects/flask&sqlalchemy/src/app/__init__.py:24]
2016-05-25 10:09:33,191 INFO: microblog startup [in /home/plevytskyi/PycharmProjects/flask&sqlalchemy/src/app/__init__.py:24]
2016-05-25 10:09:38,864 INFO: microblog startup [in /home/plevytskyi/PycharmProjects/flask&sqlalchemy/src/app/__init__.py:24]
